This is pdfTeX, Version 3.14159265-2.6-1.40.18 (MiKTeX 2.9.6350 64-bit) (preloaded format=pdflatex 2017.9.8)  8 SEP 2017 11:55
entering extended mode
**./annexe.tex
(annexe.tex
LaTeX2e <2017-04-15>
Babel <3.10> and hyphenation patterns for 75 language(s) loaded.
! Undefined control sequence.
l.1 \section
            *{Annexes}
The control sequence at the end of the top line
of your error message was never \def'ed. If you have
misspelled it (e.g., `\hobx'), type `I' and the correct
spelling (e.g., `I\hbox'). Otherwise just continue,
and I'll forget about whatever was undefined.


! LaTeX Error: Missing \begin{document}.

See the LaTeX manual or LaTeX Companion for explanation.
Type  H <return>  for immediate help.
 ...                                              
                                                  
l.1 \section*
             {Annexes}
You're in trouble here.  Try typing  <return>  to proceed.
If that doesn't work, type  X <return>  to quit.

Missing character: There is no * in font nullfont!
Missing character: There is no A in font nullfont!
Missing character: There is no n in font nullfont!
Missing character: There is no n in font nullfont!
Missing character: There is no e in font nullfont!
Missing character: There is no x in font nullfont!
Missing character: There is no e in font nullfont!
Missing character: There is no s in font nullfont!
! Undefined control sequence.
l.3 \subsection
               *{Annexe 1 : Mod√®le de la vue g√©n√©rale du secteur Avalfer}
The control sequence at the end of the top line
of your error message was never \def'ed. If you have
misspelled it (e.g., `\hobx'), type `I' and the correct
spelling (e.g., `I\hbox'). Otherwise just continue,
and I'll forget about whatever was undefined.

Missing character: There is no * in font nullfont!
Missing character: There is no A in font nullfont!
Missing character: There is no n in font nullfont!
Missing character: There is no n in font nullfont!
Missing character: There is no e in font nullfont!
Missing character: There is no x in font nullfont!
Missing character: There is no e in font nullfont!
Missing character: There is no 1 in font nullfont!
Missing character: There is no : in font nullfont!
Missing character: There is no M in font nullfont!
Missing character: There is no o in font nullfont!
Missing character: There is no d in font nullfont!
Missing character: There is no √ in font nullfont!
Missing character: There is no ® in font nullfont!
Missing character: There is no l in font nullfont!
Missing character: There is no e in font nullfont!
Missing character: There is no d in font nullfont!
Missing character: There is no e in font nullfont!
Missing character: There is no l in font nullfont!
Missing character: There is no a in font nullfont!
Missing character: There is no v in font nullfont!
Missing character: There is no u in font nullfont!
Missing character: There is no e in font nullfont!
Missing character: There is no g in font nullfont!
Missing character: There is no √ in font nullfont!
Missing character: There is no © in font nullfont!
Missing character: There is no n in font nullfont!
Missing character: There is no √ in font nullfont!
Missing character: There is no © in font nullfont!
Missing character: There is no r in font nullfont!
Missing character: There is no a in font nullfont!
Missing character: There is no l in font nullfont!
Missing character: There is no e in font nullfont!
Missing character: There is no d in font nullfont!
Missing character: There is no u in font nullfont!
Missing character: There is no s in font nullfont!
Missing character: There is no e in font nullfont!
Missing character: There is no c in font nullfont!
Missing character: There is no t in font nullfont!
Missing character: There is no e in font nullfont!
Missing character: There is no u in font nullfont!
Missing character: There is no r in font nullfont!
Missing character: There is no A in font nullfont!
Missing character: There is no v in font nullfont!
Missing character: There is no a in font nullfont!
Missing character: There is no l in font nullfont!
Missing character: There is no f in font nullfont!
Missing character: There is no e in font nullfont!
Missing character: There is no r in font nullfont!

! LaTeX Error: Environment appendix undefined.

See the LaTeX manual or LaTeX Companion for explanation.
Type  H <return>  for immediate help.
 ...                                              
                                                  
l.5 \begin{appendix}
                    
Your command was ignored.
Type  I <command> <return>  to replace it with another command,
or  <return>  to continue without it.


Overfull \hbox (20.0pt too wide) in paragraph at lines 1--6
[]
 []

! Undefined control sequence.
l.7         \includegraphics
                            [height=14cm, angle=90]{vueDG.png}
The control sequence at the end of the top line
of your error message was never \def'ed. If you have
misspelled it (e.g., `\hobx'), type `I' and the correct
spelling (e.g., `I\hbox'). Otherwise just continue,
and I'll forget about whatever was undefined.

Missing character: There is no [ in font nullfont!
Missing character: There is no h in font nullfont!
Missing character: There is no e in font nullfont!
Missing character: There is no i in font nullfont!
Missing character: There is no g in font nullfont!
Missing character: There is no h in font nullfont!
Missing character: There is no t in font nullfont!
Missing character: There is no = in font nullfont!
Missing character: There is no 1 in font nullfont!
Missing character: There is no 4 in font nullfont!
Missing character: There is no c in font nullfont!
Missing character: There is no m in font nullfont!
Missing character: There is no , in font nullfont!
Missing character: There is no a in font nullfont!
Missing character: There is no n in font nullfont!
Missing character: There is no g in font nullfont!
Missing character: There is no l in font nullfont!
Missing character: There is no e in font nullfont!
Missing character: There is no = in font nullfont!
Missing character: There is no 9 in font nullfont!
Missing character: There is no 0 in font nullfont!
Missing character: There is no ] in font nullfont!
Missing character: There is no v in font nullfont!
Missing character: There is no u in font nullfont!
Missing character: There is no e in font nullfont!
Missing character: There is no D in font nullfont!
Missing character: There is no G in font nullfont!
Missing character: There is no . in font nullfont!
Missing character: There is no p in font nullfont!
Missing character: There is no n in font nullfont!
Missing character: There is no g in font nullfont!

! LaTeX Error: The font size command \normalsize is not defined:
               there is probably something wrong with the class file.

See the LaTeX manual or LaTeX Companion for explanation.
Type  H <return>  for immediate help.
 ...                                              
                                                  
l.10     \newpage
                 
Your command was ignored.
Type  I <command> <return>  to replace it with another command,
or  <return>  to continue without it.

[1
! Undefined control sequence.
<write> ...ntentsline {section}{Annexes}{\thepage 
                                                  }}
l.10     \newpage
                 
The control sequence at the end of the top line
of your error message was never \def'ed. If you have
misspelled it (e.g., `\hobx'), type `I' and the correct
spelling (e.g., `I\hbox'). Otherwise just continue,
and I'll forget about whatever was undefined.

\@writefile{toc}{\contentsline {section}{Annexes}{}}
! Undefined control sequence.
<write> ...tsline {subsection}{Annexe 1}{\thepage 
                                                  }}
l.10     \newpage
                 
The control sequence at the end of the top line
of your error message was never \def'ed. If you have
misspelled it (e.g., `\hobx'), type `I' and the correct
spelling (e.g., `I\hbox'). Otherwise just continue,
and I'll forget about whatever was undefined.

\@writefile{toc}{\contentsline {subsection}{Annexe 1}{}}
]
! Undefined control sequence.
l.11     \subsection
                    *{Annexe 2 : fichier FC50test.AWL}
The control sequence at the end of the top line
of your error message was never \def'ed. If you have
misspelled it (e.g., `\hobx'), type `I' and the correct
spelling (e.g., `I\hbox'). Otherwise just continue,
and I'll forget about whatever was undefined.

Missing character: There is no * in font nullfont!
Missing character: There is no A in font nullfont!
Missing character: There is no n in font nullfont!
Missing character: There is no n in font nullfont!
Missing character: There is no e in font nullfont!
Missing character: There is no x in font nullfont!
Missing character: There is no e in font nullfont!
Missing character: There is no 2 in font nullfont!
Missing character: There is no : in font nullfont!
Missing character: There is no f in font nullfont!
Missing character: There is no i in font nullfont!
Missing character: There is no c in font nullfont!
Missing character: There is no h in font nullfont!
Missing character: There is no i in font nullfont!
Missing character: There is no e in font nullfont!
Missing character: There is no r in font nullfont!
Missing character: There is no F in font nullfont!
Missing character: There is no C in font nullfont!
Missing character: There is no 5 in font nullfont!
Missing character: There is no 0 in font nullfont!
Missing character: There is no t in font nullfont!
Missing character: There is no e in font nullfont!
Missing character: There is no s in font nullfont!
Missing character: There is no t in font nullfont!
Missing character: There is no . in font nullfont!
Missing character: There is no A in font nullfont!
Missing character: There is no W in font nullfont!
Missing character: There is no L in font nullfont!

! LaTeX Error: Environment small undefined.

See the LaTeX manual or LaTeX Companion for explanation.
Type  H <return>  for immediate help.
 ...                                              
                                                  
l.13 \begin{small}
                  
Your command was ignored.
Type  I <command> <return>  to replace it with another command,
or  <return>  to continue without it.


Overfull \hbox (20.0pt too wide) in paragraph at lines 11--14
[]
 []


Overfull \hbox (183.7484pt too wide) in paragraph at lines 283--283
[]    \OT1/cmtt/m/n/10 FUNCTION "GESTION_A_158" : VOID[] 
 []


Overfull \hbox (236.24794pt too wide) in paragraph at lines 283--283
[]\OT1/cmtt/m/n/10 TITLE =FONCTION DE GESTION DE L'AIGUILLE A158[] 
 []


Overfull \hbox (68.2494pt too wide) in paragraph at lines 283--283
[]\OT1/cmtt/m/n/10 VERSION : 3.2[] 
 []


Overfull \hbox (41.99963pt too wide) in paragraph at lines 283--283
[]\OT1/cmtt/m/n/10 VAR_TEMP[] 
 []


Overfull \hbox (120.74895pt too wide) in paragraph at lines 283--283
[]  \OT1/cmtt/m/n/10 A_Pos_Droite : BOOL ;
 []


Overfull \hbox (346.49698pt too wide) in paragraph at lines 283--283
\OT1/cmtt/m/n/10 //Variable tampon du bit "Retour de position droite de l'aigui
lle"[] 
 []


Overfull \hbox (120.74895pt too wide) in paragraph at lines 283--283
[]  \OT1/cmtt/m/n/10 A_Pos_Gauche : BOOL ;
 []


Overfull \hbox (346.49698pt too wide) in paragraph at lines 283--283
\OT1/cmtt/m/n/10 //Variable tampon du bit "Retour de position gauche de l'aigui
lle"[] 
 []


Overfull \hbox (167.99854pt too wide) in paragraph at lines 283--283
[]  \OT1/cmtt/m/n/10 A_Contacteur_Aiguille : BOOL ;
 []


Overfull \hbox (414.74638pt too wide) in paragraph at lines 283--283
\OT1/cmtt/m/n/10 //Variable tampon du bit "Retour contacteur puissance gauche-d
roite-validation"[] 
 []


Overfull \hbox (141.74876pt too wide) in paragraph at lines 283--283
[]  \OT1/cmtt/m/n/10 A_Pos_Mainmoteur : BOOL ;
 []


Overfull \hbox (425.24629pt too wide) in paragraph at lines 283--283
\OT1/cmtt/m/n/10 //Variable tampon du bit "Retour de position du commut Mainmot
eur" (1=Mainmoteur)[] 
 []


Overfull \hbox (146.99872pt too wide) in paragraph at lines 283--283
[]  \OT1/cmtt/m/n/10 A_Dmd_Auto_Droite : BOOL ;
 []


Overfull \hbox (346.49698pt too wide) in paragraph at lines 283--283
\OT1/cmtt/m/n/10 //Variable tampon du bit "Demande de positionnement auto a dro
ite"[] 
 []


Overfull \hbox (146.99872pt too wide) in paragraph at lines 283--283
[]  \OT1/cmtt/m/n/10 A_Dmd_Auto_Gauche : BOOL ;
 []


Overfull \hbox (346.49698pt too wide) in paragraph at lines 283--283
\OT1/cmtt/m/n/10 //Variable tampon du bit "Demande de positionnement auto a gau
che"[] 
 []


Overfull \hbox (152.24867pt too wide) in paragraph at lines 283--283
[]  \OT1/cmtt/m/n/10 A_Sens_Deplacement : BOOL ;
 []


Overfull \hbox (356.99689pt too wide) in paragraph at lines 283--283
\OT1/cmtt/m/n/10 //Variable tampon du bit "Sens du deplacement attendu" (1=Nord
->Sud)[] 
 []


Overfull \hbox (157.49863pt too wide) in paragraph at lines 283--283
[]  \OT1/cmtt/m/n/10 A_Tc_Basculemt_Manu : BOOL ;
 []


Overfull \hbox (293.99744pt too wide) in paragraph at lines 283--283
\OT1/cmtt/m/n/10 //Variable tampon du bit "Demande de basculement manuel"[] 
 []


Overfull \hbox (162.74858pt too wide) in paragraph at lines 283--283
[]  \OT1/cmtt/m/n/10 A_Dmd_Consign_Droite : BOOL ;
 []


Overfull \hbox (414.74638pt too wide) in paragraph at lines 283--283
\OT1/cmtt/m/n/10 //Variable tampon du bit "Demande de positionnement a droite p
our consignation"[] 
 []


Overfull \hbox (162.74858pt too wide) in paragraph at lines 283--283
[]  \OT1/cmtt/m/n/10 A_Dmd_Consign_Gauche : BOOL ;
 []


Overfull \hbox (414.74638pt too wide) in paragraph at lines 283--283
\OT1/cmtt/m/n/10 //Variable tampon du bit "Demande de positionnement a gauche p
our consignation"[] 
 []


Overfull \hbox (136.49881pt too wide) in paragraph at lines 283--283
[]  \OT1/cmtt/m/n/10 A_Acquit_Defaut : BOOL ;
 []


Overfull \hbox (341.24702pt too wide) in paragraph at lines 283--283
\OT1/cmtt/m/n/10 //Variable tampon du bit "Acquittement des defauts de l'aiguil
le"[] 
 []


Overfull \hbox (167.99854pt too wide) in paragraph at lines 283--283
[]  \OT1/cmtt/m/n/10 A_Dmd_Raz_Cpt_Essieux : BOOL ;
 []


Overfull \hbox (383.24666pt too wide) in paragraph at lines 283--283
\OT1/cmtt/m/n/10 //Variable tampon du bit "Demande de remise a zero du comptage
 d'essieux"[] 
 []


Overfull \hbox (183.7484pt too wide) in paragraph at lines 283--283
[]  \OT1/cmtt/m/n/10 A_Dmd_Raz_Cpt_Manoeuvres : BOOL ;
 []


Overfull \hbox (404.24648pt too wide) in paragraph at lines 283--283
\OT1/cmtt/m/n/10 //Variable tampon du bit "Demande de remise a zero du comptage
 de manoeuvres"[] 
 []


Overfull \hbox (152.24867pt too wide) in paragraph at lines 283--283
[]  \OT1/cmtt/m/n/10 A_Dmd_Desappretemt : BOOL ;
 []


Overfull \hbox (362.24684pt too wide) in paragraph at lines 283--283
\OT1/cmtt/m/n/10 //Variable tampon du bit "Demande de desappretement par l'aigu
illeur"[] 
 []


Overfull \hbox (157.49863pt too wide) in paragraph at lines 283--283
[]  \OT1/cmtt/m/n/10 A_Inhib_Cpt_Essieux : BOOL ;
 []


Overfull \hbox (372.74675pt too wide) in paragraph at lines 283--283
\OT1/cmtt/m/n/10 //Variable tampon du bit "Inhibition automatique du comptage d
'essieux"[] 
 []


Overfull \hbox (146.99872pt too wide) in paragraph at lines 283--283
[]  \OT1/cmtt/m/n/10 A_E_Cpt_Essieux_N1 : INT ;
 []


Overfull \hbox (419.99634pt too wide) in paragraph at lines 283--283
\OT1/cmtt/m/n/10 //Variable tampon de la valeur "Comptage d'essieux du 1er capt
eur situe au Nord"[] 
 []


Overfull \hbox (146.99872pt too wide) in paragraph at lines 283--283
[]  \OT1/cmtt/m/n/10 A_E_Cpt_Essieux_N2 : INT ;
 []


Overfull \hbox (419.99634pt too wide) in paragraph at lines 283--283
\OT1/cmtt/m/n/10 //Variable tampon de la valeur "Comptage d'essieux du 2nd capt
eur situe au Nord"[] 
 []


Overfull \hbox (146.99872pt too wide) in paragraph at lines 283--283
[]  \OT1/cmtt/m/n/10 A_E_Cpt_Essieux_S1 : INT ;
 []


Overfull \hbox (414.74638pt too wide) in paragraph at lines 283--283
\OT1/cmtt/m/n/10 //Variable tampon de la valeur "Comptage d'essieux du 1er capt
eur situe au Sud"[] 
 []


Overfull \hbox (146.99872pt too wide) in paragraph at lines 283--283
[]  \OT1/cmtt/m/n/10 A_E_Cpt_Essieux_S2 : INT ;
 []


Overfull \hbox (414.74638pt too wide) in paragraph at lines 283--283
\OT1/cmtt/m/n/10 //Variable tampon de la valeur "Comptage d'essieux du 2nd capt
eur situe au Sud"[] 
 []


Overfull \hbox (146.99872pt too wide) in paragraph at lines 283--283
[]  \OT1/cmtt/m/n/10 A_Preset_Disc_Cmd : TIME ;
 []


Overfull \hbox (383.24666pt too wide) in paragraph at lines 283--283
\OT1/cmtt/m/n/10 //Variable tampon de l'info "Valeur de preselection discordanc
e commande"[] 
 []


Overfull \hbox (183.7484pt too wide) in paragraph at lines 283--283
[]  \OT1/cmtt/m/n/10 A_Preset_Disc_Pos_Droite : TIME ;
 []


Overfull \hbox (419.99634pt too wide) in paragraph at lines 283--283
\OT1/cmtt/m/n/10 //Variable tampon de l'info "Valeur de preselection discordanc
e position droite"[] 
 []


Overfull \hbox (183.7484pt too wide) in paragraph at lines 283--283
[]  \OT1/cmtt/m/n/10 A_Preset_Disc_Pos_Gauche : TIME ;
 []


Overfull \hbox (419.99634pt too wide) in paragraph at lines 283--283
\OT1/cmtt/m/n/10 //Variable tampon de l'info "Valeur de preselection discordanc
e position gauche"[] 
 []


Overfull \hbox (89.24922pt too wide) in paragraph at lines 283--283
[]  \OT1/cmtt/m/n/10 CPT_MVT : INT ;[] 
 []


Overfull \hbox (36.74968pt too wide) in paragraph at lines 283--283
[]\OT1/cmtt/m/n/10 END_VAR[] 
 []


Overfull \hbox (26.24977pt too wide) in paragraph at lines 283--283
[]\OT1/cmtt/m/n/10 BEGIN[] 
 []


Overfull \hbox (36.74968pt too wide) in paragraph at lines 283--283
[]\OT1/cmtt/m/n/10 NETWORK[] 
 []


Overfull \hbox (283.49753pt too wide) in paragraph at lines 283--283
[]\OT1/cmtt/m/n/10 TITLE =Etat du retour de position droite de l'aiguille[] 
 []


Overfull \hbox (388.49661pt too wide) in paragraph at lines 283--283
[]\OT1/cmtt/m/n/10 //ATTENTION : PENSER A RETIRER LE BIT DB200.DBX2.0 APRES PHA
SE SIMULATIONS[] 
 []


Overfull \hbox (125.9989pt too wide) in paragraph at lines 283--283
[]      \OT1/cmtt/m/n/10 U     "KAG_158_D";[] 
 []


Overfull \hbox (136.49881pt too wide) in paragraph at lines 283--283
[]      \OT1/cmtt/m/n/10 =     #A_Pos_Droite;[] 
 []


Overfull \hbox (36.74968pt too wide) in paragraph at lines 283--283
[]\OT1/cmtt/m/n/10 NETWORK[] 
 []


Overfull \hbox (283.49753pt too wide) in paragraph at lines 283--283
[]\OT1/cmtt/m/n/10 TITLE =Etat du retour de position gauche de l'aiguille[] 
 []


Overfull \hbox (388.49661pt too wide) in paragraph at lines 283--283
[]\OT1/cmtt/m/n/10 //ATTENTION : PENSER A RETIRER LE BIT DB200.DBX2.1 APRES PHA
SE SIMULATIONS[] 
 []


Overfull \hbox (125.9989pt too wide) in paragraph at lines 283--283
[]      \OT1/cmtt/m/n/10 U     "KAG_158_G";[] 
 []


Overfull \hbox (136.49881pt too wide) in paragraph at lines 283--283
[]      \OT1/cmtt/m/n/10 =     #A_Pos_Gauche;[] 
 []


Overfull \hbox (36.74968pt too wide) in paragraph at lines 283--283
[]\OT1/cmtt/m/n/10 NETWORK[] 
 []


Overfull \hbox (325.49716pt too wide) in paragraph at lines 283--283
[]\OT1/cmtt/m/n/10 TITLE =Etat du retour du contacteur de puissance de l'aiguil
le[] 
 []


Overfull \hbox (409.49643pt too wide) in paragraph at lines 283--283
[]\OT1/cmtt/m/n/10 //ATTENTION : PENSER A RETIRER LES BITS A32.4 ET A32.5 APRES
 PHASE SIMULATIONS[] 
 []


Overfull \hbox (141.74876pt too wide) in paragraph at lines 283--283
[]      \OT1/cmtt/m/n/10 U     "R_VAL_AIG158";[] 
 []


Overfull \hbox (183.7484pt too wide) in paragraph at lines 283--283
[]      \OT1/cmtt/m/n/10 =     #A_Contacteur_Aiguille;[] 
 []


Overfull \hbox (36.74968pt too wide) in paragraph at lines 283--283
[]\OT1/cmtt/m/n/10 NETWORK[] 
 []


Overfull \hbox (346.49698pt too wide) in paragraph at lines 283--283
[]\OT1/cmtt/m/n/10 TITLE =Etat du retour de position du mode Mainmoteur de l'ai
guille[] 
 []


Overfull \hbox (115.499pt too wide) in paragraph at lines 283--283
[]      \OT1/cmtt/m/n/10 UN    "RMM_158";[] 
 []


Overfull \hbox (157.49863pt too wide) in paragraph at lines 283--283
[]      \OT1/cmtt/m/n/10 =     #A_Pos_Mainmoteur;[] 
 []


Overfull \hbox (36.74968pt too wide) in paragraph at lines 283--283
[]\OT1/cmtt/m/n/10 NETWORK[] 
 []


Overfull \hbox (372.74675pt too wide) in paragraph at lines 283--283
[]\OT1/cmtt/m/n/10 TITLE =Etat de la demande de positionnement auto a droite de
 l'aiguille[] 
 []


Overfull \hbox (167.99854pt too wide) in paragraph at lines 283--283
[]      \OT1/cmtt/m/n/10 U     "PA_AIGA_C_A158_DR";[] 
 []


Overfull \hbox (162.74858pt too wide) in paragraph at lines 283--283
[]      \OT1/cmtt/m/n/10 =     #A_Dmd_Auto_Droite;[] 
 []


Overfull \hbox (36.74968pt too wide) in paragraph at lines 283--283
[]\OT1/cmtt/m/n/10 NETWORK[] 
 []


Overfull \hbox (372.74675pt too wide) in paragraph at lines 283--283
[]\OT1/cmtt/m/n/10 TITLE =Etat de la demande de positionnement auto a gauche de
 l'aiguille[] 
 []


Overfull \hbox (167.99854pt too wide) in paragraph at lines 283--283
[]      \OT1/cmtt/m/n/10 U     "PA_AIGA_C_A158_GA";[] 
 []


Overfull \hbox (162.74858pt too wide) in paragraph at lines 283--283
[]      \OT1/cmtt/m/n/10 =     #A_Dmd_Auto_Gauche;[] 
 []


Overfull \hbox (36.74968pt too wide) in paragraph at lines 283--283
[]\OT1/cmtt/m/n/10 NETWORK[] 
 []


Overfull \hbox (257.24776pt too wide) in paragraph at lines 283--283
[]\OT1/cmtt/m/n/10 TITLE =Sens du deplacement attendu sur l'aiguille[] 
 []


Overfull \hbox (241.4979pt too wide) in paragraph at lines 283--283
[]      \OT1/cmtt/m/n/10 U     "DATAS_CREATION_ITI".DMD_SENS_ITI;[] 
 []


Overfull \hbox (167.99854pt too wide) in paragraph at lines 283--283
[]      \OT1/cmtt/m/n/10 =     #A_Sens_Deplacement;[] 
 []


Overfull \hbox (36.74968pt too wide) in paragraph at lines 283--283
[]\OT1/cmtt/m/n/10 NETWORK[] 
 []


Overfull \hbox (309.7473pt too wide) in paragraph at lines 283--283
[]\OT1/cmtt/m/n/10 TITLE =Etat de la demande de basculement manu de l'aiguille[
] 
 []


Overfull \hbox (173.24849pt too wide) in paragraph at lines 283--283
[]      \OT1/cmtt/m/n/10 U     "PA_AIGA_C_A158_AIG";[] 
 []


Overfull \hbox (173.24849pt too wide) in paragraph at lines 283--283
[]      \OT1/cmtt/m/n/10 =     #A_Tc_Basculemt_Manu;[] 
 []


Overfull \hbox (36.74968pt too wide) in paragraph at lines 283--283
[]\OT1/cmtt/m/n/10 NETWORK[] 
 []


Overfull \hbox (372.74675pt too wide) in paragraph at lines 283--283
[]\OT1/cmtt/m/n/10 TITLE =Etat de la demande de position a droite aiguille pr c
onsignation[] 
 []


Overfull \hbox (194.2483pt too wide) in paragraph at lines 283--283
[]      \OT1/cmtt/m/n/10 U     "PA_AIGA_C_A158_CONS_DR";[] 
 []


Overfull \hbox (178.49844pt too wide) in paragraph at lines 283--283
[]      \OT1/cmtt/m/n/10 =     #A_Dmd_Consign_Droite;[] 
 []


Overfull \hbox (36.74968pt too wide) in paragraph at lines 283--283
[]\OT1/cmtt/m/n/10 NETWORK[] 
 []


Overfull \hbox (372.74675pt too wide) in paragraph at lines 283--283
[]\OT1/cmtt/m/n/10 TITLE =Etat de la demande de position a gauche aiguille pr c
onsignation[] 
 []


Overfull \hbox (194.2483pt too wide) in paragraph at lines 283--283
[]      \OT1/cmtt/m/n/10 U     "PA_AIGA_C_A158_CONS_GA";[] 
 []


Overfull \hbox (178.49844pt too wide) in paragraph at lines 283--283
[]      \OT1/cmtt/m/n/10 =     #A_Dmd_Consign_Gauche;[] 
 []


Overfull \hbox (36.74968pt too wide) in paragraph at lines 283--283
[]\OT1/cmtt/m/n/10 NETWORK[] 
 []


Overfull \hbox (267.74767pt too wide) in paragraph at lines 283--283
[]\OT1/cmtt/m/n/10 TITLE =Etat de la demande d'acquitement des defauts[] 
 []


Overfull \hbox (152.24867pt too wide) in paragraph at lines 283--283
[]      \OT1/cmtt/m/n/10 U     "Acquit_Defauts";[] 
 []


Overfull \hbox (152.24867pt too wide) in paragraph at lines 283--283
[]      \OT1/cmtt/m/n/10 =     #A_Acquit_Defaut;[] 
 []


Overfull \hbox (36.74968pt too wide) in paragraph at lines 283--283
[]\OT1/cmtt/m/n/10 NETWORK[] 
 []


Overfull \hbox (335.99707pt too wide) in paragraph at lines 283--283
[]\OT1/cmtt/m/n/10 TITLE =Etat de la demande de remise a zero du comptage d'ess
ieux[] 
 []


Overfull \hbox (194.2483pt too wide) in paragraph at lines 283--283
[]      \OT1/cmtt/m/n/10 O     "PA_AIGA_C_A158_RAZ_CPT";[] 
 []


Overfull \hbox (251.9978pt too wide) in paragraph at lines 283--283
[]      \OT1/cmtt/m/n/10 O     "MEMOIRE_RESET_CE".Demande_raz_aig1;[] 
 []


Overfull \hbox (183.7484pt too wide) in paragraph at lines 283--283
[]      \OT1/cmtt/m/n/10 =     #A_Dmd_Raz_Cpt_Essieux;[] 
 []


Overfull \hbox (36.74968pt too wide) in paragraph at lines 283--283
[]\OT1/cmtt/m/n/10 NETWORK[] 
 []


Overfull \hbox (356.99689pt too wide) in paragraph at lines 283--283
[]\OT1/cmtt/m/n/10 TITLE =Etat de la demande de remise a zero du comptage de ma
noeuvres[] 
 []


Overfull \hbox (194.2483pt too wide) in paragraph at lines 283--283
[]      \OT1/cmtt/m/n/10 U     "PA_AIGA_C_A158_RAZ_MNV";[] 
 []


Overfull \hbox (199.49826pt too wide) in paragraph at lines 283--283
[]      \OT1/cmtt/m/n/10 =     #A_Dmd_Raz_Cpt_Manoeuvres;[] 
 []


Overfull \hbox (36.74968pt too wide) in paragraph at lines 283--283
[]\OT1/cmtt/m/n/10 NETWORK[] 
 []


Overfull \hbox (314.99725pt too wide) in paragraph at lines 283--283
[]\OT1/cmtt/m/n/10 TITLE =Etat de la demande de desappretement par l'aiguilleur
[] 
 []


Overfull \hbox (188.99835pt too wide) in paragraph at lines 283--283
[]      \OT1/cmtt/m/n/10 O     "PA_AIGA_C_A158_DESAPT";[] 
 []


Overfull \hbox (267.74767pt too wide) in paragraph at lines 283--283
[]      \OT1/cmtt/m/n/10 O     "COMM_RECEPTION".TC_DESAPPRETEMENT_A03;[] 
 []


Overfull \hbox (167.99854pt too wide) in paragraph at lines 283--283
[]      \OT1/cmtt/m/n/10 =     #A_Dmd_Desappretemt;[] 
 []


Overfull \hbox (36.74968pt too wide) in paragraph at lines 283--283
[]\OT1/cmtt/m/n/10 NETWORK[] 
 []


Overfull \hbox (320.24721pt too wide) in paragraph at lines 283--283
[]\OT1/cmtt/m/n/10 TITLE =Etat de l'inhibition automatique du comptage d'essieu
x[] 
 []


Overfull \hbox (178.49844pt too wide) in paragraph at lines 283--283
[]      \OT1/cmtt/m/n/10 O     "CE_158P".Demande_RAZ;[] 
 []


Overfull \hbox (178.49844pt too wide) in paragraph at lines 283--283
[]      \OT1/cmtt/m/n/10 O     "CE_158G".Demande_RAZ;[] 
 []


Overfull \hbox (178.49844pt too wide) in paragraph at lines 283--283
[]      \OT1/cmtt/m/n/10 O     "CE_158D".Demande_RAZ;[] 
 []


Overfull \hbox (173.24849pt too wide) in paragraph at lines 283--283
[]      \OT1/cmtt/m/n/10 =     #A_Inhib_Cpt_Essieux;[] 
 []


Overfull \hbox (36.74968pt too wide) in paragraph at lines 283--283
[]\OT1/cmtt/m/n/10 NETWORK[] 
 []


Overfull \hbox (367.4968pt too wide) in paragraph at lines 283--283
[]\OT1/cmtt/m/n/10 TITLE =Affectation comptages d'essieux des capteurs Nord de 
l'aiguille[] 
 []


Overfull \hbox (68.2494pt too wide) in paragraph at lines 283--283
[]      \OT1/cmtt/m/n/10 U(    ;[] 
 []


Overfull \hbox (199.49826pt too wide) in paragraph at lines 283--283
[]      \OT1/cmtt/m/n/10 L     "CE_158G".Valeur_Comptage;[] 
 []


Overfull \hbox (167.99854pt too wide) in paragraph at lines 283--283
[]      \OT1/cmtt/m/n/10 T     #A_E_Cpt_Essieux_N1;[] 
 []


Overfull \hbox (68.2494pt too wide) in paragraph at lines 283--283
[]      \OT1/cmtt/m/n/10 SET   ;[] 
 []


Overfull \hbox (68.2494pt too wide) in paragraph at lines 283--283
[]      \OT1/cmtt/m/n/10 SAVE  ;[] 
 []


Overfull \hbox (68.2494pt too wide) in paragraph at lines 283--283
[]      \OT1/cmtt/m/n/10 CLR   ;[] 
 []


Overfull \hbox (83.99927pt too wide) in paragraph at lines 283--283
[]      \OT1/cmtt/m/n/10 U     BIE;[] 
 []


Overfull \hbox (68.2494pt too wide) in paragraph at lines 283--283
[]      \OT1/cmtt/m/n/10 )     ;[] 
 []


Overfull \hbox (89.24922pt too wide) in paragraph at lines 283--283
[]      \OT1/cmtt/m/n/10 SPBNB _001;[] 
 []


Overfull \hbox (199.49826pt too wide) in paragraph at lines 283--283
[]      \OT1/cmtt/m/n/10 L     "CE_158D".Valeur_Comptage;[] 
 []


Overfull \hbox (167.99854pt too wide) in paragraph at lines 283--283
[]      \OT1/cmtt/m/n/10 T     #A_E_Cpt_Essieux_N2;[] 
 []


Overfull \hbox (73.49936pt too wide) in paragraph at lines 283--283
[]\OT1/cmtt/m/n/10 _001: NOP   0;[] 
 []


Overfull \hbox (36.74968pt too wide) in paragraph at lines 283--283
[]\OT1/cmtt/m/n/10 NETWORK[] 
 []


Overfull \hbox (362.24684pt too wide) in paragraph at lines 283--283
[]\OT1/cmtt/m/n/10 TITLE =Affectation comptages d'essieux des capteurs Sud de l
'aiguille[] 
 []


Overfull \hbox (68.2494pt too wide) in paragraph at lines 283--283
[]      \OT1/cmtt/m/n/10 U(    ;[] 
 []


Overfull \hbox (199.49826pt too wide) in paragraph at lines 283--283
[]      \OT1/cmtt/m/n/10 L     "CE_158P".Valeur_Comptage;[] 
 []


Overfull \hbox (167.99854pt too wide) in paragraph at lines 283--283
[]      \OT1/cmtt/m/n/10 T     #A_E_Cpt_Essieux_S1;[] 
 []


Overfull \hbox (68.2494pt too wide) in paragraph at lines 283--283
[]      \OT1/cmtt/m/n/10 SET   ;[] 
 []


Overfull \hbox (68.2494pt too wide) in paragraph at lines 283--283
[]      \OT1/cmtt/m/n/10 SAVE  ;[] 
 []


Overfull \hbox (68.2494pt too wide) in paragraph at lines 283--283
[]      \OT1/cmtt/m/n/10 CLR   ;[] 
 []


Overfull \hbox (83.99927pt too wide) in paragraph at lines 283--283
[]      \OT1/cmtt/m/n/10 U     BIE;[] 
 []


Overfull \hbox (68.2494pt too wide) in paragraph at lines 283--283
[]      \OT1/cmtt/m/n/10 )     ;[] 
 []


Overfull \hbox (89.24922pt too wide) in paragraph at lines 283--283
[]      \OT1/cmtt/m/n/10 SPBNB _002;[] 
 []


Overfull \hbox (73.49936pt too wide) in paragraph at lines 283--283
[]      \OT1/cmtt/m/n/10 L     0;[] 
 []


Overfull \hbox (167.99854pt too wide) in paragraph at lines 283--283
[]      \OT1/cmtt/m/n/10 T     #A_E_Cpt_Essieux_S2;[] 
 []


Overfull \hbox (73.49936pt too wide) in paragraph at lines 283--283
[]\OT1/cmtt/m/n/10 _002: NOP   0;[] 
 []


Overfull \hbox (36.74968pt too wide) in paragraph at lines 283--283
[]\OT1/cmtt/m/n/10 NETWORK[] 
 []


Overfull \hbox (325.49716pt too wide) in paragraph at lines 283--283
[]\OT1/cmtt/m/n/10 TITLE =Valeur de preselection de la tempo discordance comman
de[] 
 []


Overfull \hbox (68.2494pt too wide) in paragraph at lines 283--283
[]      \OT1/cmtt/m/n/10 U(    ;[] 
 []


Overfull \hbox (162.74858pt too wide) in paragraph at lines 283--283
[]      \OT1/cmtt/m/n/10 L     #A_Preset_Disc_Cmd;[] 
 []


Overfull \hbox (89.24922pt too wide) in paragraph at lines 283--283
[]      \OT1/cmtt/m/n/10 L     T#3S;[] 
 []


Overfull \hbox (68.2494pt too wide) in paragraph at lines 283--283
[]      \OT1/cmtt/m/n/10 <>D   ;[] 
 []


Overfull \hbox (68.2494pt too wide) in paragraph at lines 283--283
[]      \OT1/cmtt/m/n/10 )     ;[] 
 []


Overfull \hbox (89.24922pt too wide) in paragraph at lines 283--283
[]      \OT1/cmtt/m/n/10 SPBNB _003;[] 
 []


Overfull \hbox (89.24922pt too wide) in paragraph at lines 283--283
[]      \OT1/cmtt/m/n/10 L     T#3S;[] 
 []


Overfull \hbox (162.74858pt too wide) in paragraph at lines 283--283
[]      \OT1/cmtt/m/n/10 T     #A_Preset_Disc_Cmd;[] 
 []


Overfull \hbox (73.49936pt too wide) in paragraph at lines 283--283
[]\OT1/cmtt/m/n/10 _003: NOP   0;[] 
 []


Overfull \hbox (36.74968pt too wide) in paragraph at lines 283--283
[]\OT1/cmtt/m/n/10 NETWORK[] 
 []


Overfull \hbox (362.24684pt too wide) in paragraph at lines 283--283
[]\OT1/cmtt/m/n/10 TITLE =Valeur de preselection de la tempo discordance positi
on droite[] 
 []


Overfull \hbox (68.2494pt too wide) in paragraph at lines 283--283
[]      \OT1/cmtt/m/n/10 U(    ;[] 
 []


Overfull \hbox (199.49826pt too wide) in paragraph at lines 283--283
[]      \OT1/cmtt/m/n/10 L     #A_Preset_Disc_Pos_Droite;[] 
 []


Overfull \hbox (89.24922pt too wide) in paragraph at lines 283--283
[]      \OT1/cmtt/m/n/10 L     T#6S;[] 
 []


Overfull \hbox (68.2494pt too wide) in paragraph at lines 283--283
[]      \OT1/cmtt/m/n/10 <>D   ;[] 
 []


Overfull \hbox (68.2494pt too wide) in paragraph at lines 283--283
[]      \OT1/cmtt/m/n/10 )     ;[] 
 []


Overfull \hbox (89.24922pt too wide) in paragraph at lines 283--283
[]      \OT1/cmtt/m/n/10 SPBNB _004;[] 
 []


Overfull \hbox (89.24922pt too wide) in paragraph at lines 283--283
[]      \OT1/cmtt/m/n/10 L     T#6S;[] 
 []


Overfull \hbox (199.49826pt too wide) in paragraph at lines 283--283
[]      \OT1/cmtt/m/n/10 T     #A_Preset_Disc_Pos_Droite;[] 
 []


Overfull \hbox (73.49936pt too wide) in paragraph at lines 283--283
[]\OT1/cmtt/m/n/10 _004: NOP   0;[] 
 []


Overfull \hbox (36.74968pt too wide) in paragraph at lines 283--283
[]\OT1/cmtt/m/n/10 NETWORK[] 
 []


Overfull \hbox (362.24684pt too wide) in paragraph at lines 283--283
[]\OT1/cmtt/m/n/10 TITLE =Valeur de preselection de la tempo discordance positi
on gauche[] 
 []


Overfull \hbox (68.2494pt too wide) in paragraph at lines 283--283
[]      \OT1/cmtt/m/n/10 U(    ;[] 
 []


Overfull \hbox (199.49826pt too wide) in paragraph at lines 283--283
[]      \OT1/cmtt/m/n/10 L     #A_Preset_Disc_Pos_Gauche;[] 
 []


Overfull \hbox (89.24922pt too wide) in paragraph at lines 283--283
[]      \OT1/cmtt/m/n/10 L     T#6S;[] 
 []


Overfull \hbox (68.2494pt too wide) in paragraph at lines 283--283
[]      \OT1/cmtt/m/n/10 <>D   ;[] 
 []


Overfull \hbox (68.2494pt too wide) in paragraph at lines 283--283
[]      \OT1/cmtt/m/n/10 )     ;[] 
 []


Overfull \hbox (89.24922pt too wide) in paragraph at lines 283--283
[]      \OT1/cmtt/m/n/10 SPBNB _005;[] 
 []


Overfull \hbox (89.24922pt too wide) in paragraph at lines 283--283
[]      \OT1/cmtt/m/n/10 L     T#6S;[] 
 []


Overfull \hbox (199.49826pt too wide) in paragraph at lines 283--283
[]      \OT1/cmtt/m/n/10 T     #A_Preset_Disc_Pos_Gauche;[] 
 []


Overfull \hbox (73.49936pt too wide) in paragraph at lines 283--283
[]\OT1/cmtt/m/n/10 _005: NOP   0;[] 
 []


Overfull \hbox (36.74968pt too wide) in paragraph at lines 283--283
[]\OT1/cmtt/m/n/10 NETWORK[] 
 []


Overfull \hbox (241.4979pt too wide) in paragraph at lines 283--283
[]\OT1/cmtt/m/n/10 TITLE =Appel du bloc fonctionnel de l'aiguille[] 
 []


Overfull \hbox (199.49826pt too wide) in paragraph at lines 283--283
[]      \OT1/cmtt/m/n/10 CALL "BLOC_AIGUILLE" , "A_158" ([] 
 []


Overfull \hbox (278.24757pt too wide) in paragraph at lines 283--283
[]           \OT1/cmtt/m/n/10 Pos_Droite               := #A_Pos_Droite,[] 
 []


Overfull \hbox (278.24757pt too wide) in paragraph at lines 283--283
[]           \OT1/cmtt/m/n/10 Pos_Gauche               := #A_Pos_Gauche,[] 
 []


Overfull \hbox (325.49716pt too wide) in paragraph at lines 283--283
[]           \OT1/cmtt/m/n/10 Contacteur_Aiguille      := #A_Contacteur_Aiguill
e,[] 
 []


Overfull \hbox (299.24739pt too wide) in paragraph at lines 283--283
[]           \OT1/cmtt/m/n/10 Pos_Mainmoteur           := #A_Pos_Mainmoteur,[] 

 []


Overfull \hbox (304.49734pt too wide) in paragraph at lines 283--283
[]           \OT1/cmtt/m/n/10 Dmd_Auto_Droite          := #A_Dmd_Auto_Droite,[]
 
 []


Overfull \hbox (304.49734pt too wide) in paragraph at lines 283--283
[]           \OT1/cmtt/m/n/10 Dmd_Auto_Gauche          := #A_Dmd_Auto_Gauche,[]
 
 []


Overfull \hbox (309.7473pt too wide) in paragraph at lines 283--283
[]           \OT1/cmtt/m/n/10 Sens_Deplacement         := #A_Sens_Deplacement,[
] 
 []


Overfull \hbox (314.99725pt too wide) in paragraph at lines 283--283
[]           \OT1/cmtt/m/n/10 Tc_Basculemt_Manu        := #A_Tc_Basculemt_Manu,
[] 
 []


Overfull \hbox (320.24721pt too wide) in paragraph at lines 283--283
[]           \OT1/cmtt/m/n/10 Dmd_Consign_Droite       := #A_Dmd_Consign_Droite
,[] 
 []


Overfull \hbox (320.24721pt too wide) in paragraph at lines 283--283
[]           \OT1/cmtt/m/n/10 Dmd_Consign_Gauche       := #A_Dmd_Consign_Gauche
,[] 
 []


Overfull \hbox (293.99744pt too wide) in paragraph at lines 283--283
[]           \OT1/cmtt/m/n/10 Acquit_Defaut            := #A_Acquit_Defaut,[] 
 []


Overfull \hbox (325.49716pt too wide) in paragraph at lines 283--283
[]           \OT1/cmtt/m/n/10 Dmd_RAZ_Cpt_Essieux      := #A_Dmd_Raz_Cpt_Essieu
x,[] 
 []


Overfull \hbox (341.24702pt too wide) in paragraph at lines 283--283
[]           \OT1/cmtt/m/n/10 Dmd_RAZ_Cpt_Manoeuvre    := #A_Dmd_Raz_Cpt_Manoeu
vres,[] 
 []


Overfull \hbox (309.7473pt too wide) in paragraph at lines 283--283
[]           \OT1/cmtt/m/n/10 Dmd_Desappretemt         := #A_Dmd_Desappretemt,[
] 
 []


Overfull \hbox (314.99725pt too wide) in paragraph at lines 283--283
[]           \OT1/cmtt/m/n/10 Inhib_Cpt_Essieux        := #A_Inhib_Cpt_Essieux,
[] 
 []


Overfull \hbox (309.7473pt too wide) in paragraph at lines 283--283
[]           \OT1/cmtt/m/n/10 E_Cpt_Essieux_N1         := #A_E_Cpt_Essieux_N1,[
] 
 []


Overfull \hbox (309.7473pt too wide) in paragraph at lines 283--283
[]           \OT1/cmtt/m/n/10 E_Cpt_Essieux_N2         := #A_E_Cpt_Essieux_N2,[
] 
 []


Overfull \hbox (309.7473pt too wide) in paragraph at lines 283--283
[]           \OT1/cmtt/m/n/10 E_Cpt_Essieux_S1         := #A_E_Cpt_Essieux_S1,[
] 
 []


Overfull \hbox (309.7473pt too wide) in paragraph at lines 283--283
[]           \OT1/cmtt/m/n/10 E_Cpt_Essieux_S2         := #A_E_Cpt_Essieux_S2,[
] 
 []


Overfull \hbox (304.49734pt too wide) in paragraph at lines 283--283
[]           \OT1/cmtt/m/n/10 Preset_Disc_Cmd          := #A_Preset_Disc_Cmd,[]
 
 []


Overfull \hbox (341.24702pt too wide) in paragraph at lines 283--283
[]           \OT1/cmtt/m/n/10 Preset_Disc_Pos_Droite   := #A_Preset_Disc_Pos_Dr
oite,[] 
 []


Overfull \hbox (346.49698pt too wide) in paragraph at lines 283--283
[]           \OT1/cmtt/m/n/10 Preset_Disc_Pos_Gauche   := #A_Preset_Disc_Pos_Ga
uche);[] 
 []


Overfull \hbox (73.49936pt too wide) in paragraph at lines 283--283
[]      \OT1/cmtt/m/n/10 NOP   0;[] 
 []


Overfull \hbox (36.74968pt too wide) in paragraph at lines 283--283
[]\OT1/cmtt/m/n/10 NETWORK[] 
 []


Overfull \hbox (278.24757pt too wide) in paragraph at lines 283--283
[]\OT1/cmtt/m/n/10 TITLE =Collecte des informations issues de l'aiguille[] 
 []


Overfull \hbox (162.74858pt too wide) in paragraph at lines 283--283
[]      \OT1/cmtt/m/n/10 CALL "COLLECTE_INFOS_A" ([] 
 []


Overfull \hbox (220.49808pt too wide) in paragraph at lines 283--283
[]           \OT1/cmtt/m/n/10 Num_DB_A                 := 50,[] 
 []


Overfull \hbox (299.24739pt too wide) in paragraph at lines 283--283
[]           \OT1/cmtt/m/n/10 Commande_Droite          := "BIT_CDE_A158_DR",[] 

 []


Overfull \hbox (299.24739pt too wide) in paragraph at lines 283--283
[]           \OT1/cmtt/m/n/10 Commande_Gauche          := "BIT_CDE_A158_GA",[] 

 []


Overfull \hbox (293.99744pt too wide) in paragraph at lines 283--283
[]           \OT1/cmtt/m/n/10 Commande_Validation      := "cde_VAL_AIG158",[] 
 []


Overfull \hbox (404.24648pt too wide) in paragraph at lines 283--283
[]           \OT1/cmtt/m/n/10 Etat_Controlee_Droite    := "COMM_EMISSION".TS_CO
NTROLEE_DR_AIG_1,[] 
 []


Overfull \hbox (404.24648pt too wide) in paragraph at lines 283--283
[]           \OT1/cmtt/m/n/10 Etat_Controlee_Gauche    := "COMM_EMISSION".TS_CO
NTROLEE_GA_AIG_1,[] 
 []


Overfull \hbox (404.24648pt too wide) in paragraph at lines 283--283
[]           \OT1/cmtt/m/n/10 Etat_Commandee_Droite    := "COMM_EMISSION".TS_CO
MMANDEE_DR_AIG_1,[] 
 []


Overfull \hbox (404.24648pt too wide) in paragraph at lines 283--283
[]           \OT1/cmtt/m/n/10 Etat_Commandee_Gauche    := "COMM_EMISSION".TS_CO
MMANDEE_GA_AIG_1,[] 
 []


Overfull \hbox (398.99652pt too wide) in paragraph at lines 283--283
[]           \OT1/cmtt/m/n/10 Etat_Memo_Cmd_Droite     := "COMM_EMISSION".TS_ME
MO_CMD_DR_AIG_1,[] 
 []


Overfull \hbox (398.99652pt too wide) in paragraph at lines 283--283
[]           \OT1/cmtt/m/n/10 Etat_Memo_Cmd_Gauche     := "COMM_EMISSION".TS_ME
MO_CMD_GA_AIG_1,[] 
 []


Overfull \hbox (414.74638pt too wide) in paragraph at lines 283--283
[]           \OT1/cmtt/m/n/10 Etat_Pos_Mainmoteur      := "COMM_EMISSION".TS_PO
S_MAINMOTEUR_AIG_1,[] 
 []


Overfull \hbox (398.99652pt too wide) in paragraph at lines 283--283
[]           \OT1/cmtt/m/n/10 Cpt_Essieux              := "COMM_EMISSION".TM_CP
T_ESSIEUX_AIG_1,[] 
 []


Overfull \hbox (251.9978pt too wide) in paragraph at lines 283--283
[]           \OT1/cmtt/m/n/10 Cpt_Manoeuvres           := #CPT_MVT,[] 
 []


Overfull \hbox (383.24666pt too wide) in paragraph at lines 283--283
[]           \OT1/cmtt/m/n/10 Defaut_Disc_Cmd          := "COMM_EMISSION".TS_DI
SC_CMD_AIG_1,[] 
 []


Overfull \hbox (388.49661pt too wide) in paragraph at lines 283--283
[]           \OT1/cmtt/m/n/10 Defaut_Disc_Pos          := "COMM_EMISSION".TS_DI
SC_POS_AIG_1);[] 
 []


Overfull \hbox (36.74968pt too wide) in paragraph at lines 283--283
[]\OT1/cmtt/m/n/10 NETWORK[] 
 []

Missing character: There is no √ in font cmtt10!
Missing character: There is no † in font cmtt10!

Overfull \hbox (246.74785pt too wide) in paragraph at lines 283--283
[]\OT1/cmtt/m/n/10 TITLE =Tempo mise  jour des commandes aiguilles[] 
 []


Overfull \hbox (152.24867pt too wide) in paragraph at lines 283--283
[]      \OT1/cmtt/m/n/10 U     "cde_VAL_AIG158";[] 
 []


Overfull \hbox (120.74895pt too wide) in paragraph at lines 283--283
[]      \OT1/cmtt/m/n/10 =     L     24.0;[] 
 []


Overfull \hbox (120.74895pt too wide) in paragraph at lines 283--283
[]      \OT1/cmtt/m/n/10 U     L     24.0;[] 
 []


Overfull \hbox (115.499pt too wide) in paragraph at lines 283--283
[]      \OT1/cmtt/m/n/10 L     S5T#500MS;[] 
 []


Overfull \hbox (152.24867pt too wide) in paragraph at lines 283--283
[]      \OT1/cmtt/m/n/10 SE    "T_SORTIES_A158";[] 
 []


Overfull \hbox (73.49936pt too wide) in paragraph at lines 283--283
[]      \OT1/cmtt/m/n/10 NOP   0;[] 
 []


Overfull \hbox (73.49936pt too wide) in paragraph at lines 283--283
[]      \OT1/cmtt/m/n/10 NOP   0;[] 
 []


Overfull \hbox (73.49936pt too wide) in paragraph at lines 283--283
[]      \OT1/cmtt/m/n/10 NOP   0;[] 
 []


Overfull \hbox (73.49936pt too wide) in paragraph at lines 283--283
[]      \OT1/cmtt/m/n/10 NOP   0;[] 
 []


Overfull \hbox (120.74895pt too wide) in paragraph at lines 283--283
[]      \OT1/cmtt/m/n/10 U     L     24.0;[] 
 []


Overfull \hbox (99.74913pt too wide) in paragraph at lines 283--283
[]      \OT1/cmtt/m/n/10 L     S5T#5S;[] 
 []


Overfull \hbox (194.2483pt too wide) in paragraph at lines 283--283
[]      \OT1/cmtt/m/n/10 SE    "T_FIN_CMD_SORTIES_A158";[] 
 []


Overfull \hbox (73.49936pt too wide) in paragraph at lines 283--283
[]      \OT1/cmtt/m/n/10 NOP   0;[] 
 []


Overfull \hbox (73.49936pt too wide) in paragraph at lines 283--283
[]      \OT1/cmtt/m/n/10 NOP   0;[] 
 []


Overfull \hbox (73.49936pt too wide) in paragraph at lines 283--283
[]      \OT1/cmtt/m/n/10 NOP   0;[] 
 []


Overfull \hbox (73.49936pt too wide) in paragraph at lines 283--283
[]      \OT1/cmtt/m/n/10 NOP   0;[] 
 []


Overfull \hbox (36.74968pt too wide) in paragraph at lines 283--283
[]\OT1/cmtt/m/n/10 NETWORK[] 
 []

Missing character: There is no √ in font cmtt10!
Missing character: There is no † in font cmtt10!

Overfull \hbox (173.24849pt too wide) in paragraph at lines 283--283
[]\OT1/cmtt/m/n/10 TITLE =Mise  jour commande droite[] 
 []


Overfull \hbox (157.49863pt too wide) in paragraph at lines 283--283
[]      \OT1/cmtt/m/n/10 U     "BIT_CDE_A158_DR";[] 
 []


Overfull \hbox (152.24867pt too wide) in paragraph at lines 283--283
[]      \OT1/cmtt/m/n/10 U     "cde_VAL_AIG158";[] 
 []


Overfull \hbox (152.24867pt too wide) in paragraph at lines 283--283
[]      \OT1/cmtt/m/n/10 U     "T_SORTIES_A158";[] 
 []


Overfull \hbox (194.2483pt too wide) in paragraph at lines 283--283
[]      \OT1/cmtt/m/n/10 UN    "T_FIN_CMD_SORTIES_A158";[] 
 []


Overfull \hbox (125.9989pt too wide) in paragraph at lines 283--283
[]      \OT1/cmtt/m/n/10 =     "Cag_158_D";[] 
 []


Overfull \hbox (36.74968pt too wide) in paragraph at lines 283--283
[]\OT1/cmtt/m/n/10 NETWORK[] 
 []

Missing character: There is no √ in font cmtt10!
Missing character: There is no † in font cmtt10!

Overfull \hbox (173.24849pt too wide) in paragraph at lines 283--283
[]\OT1/cmtt/m/n/10 TITLE =Mise  jour commande gauche[] 
 []


Overfull \hbox (157.49863pt too wide) in paragraph at lines 283--283
[]      \OT1/cmtt/m/n/10 U     "BIT_CDE_A158_GA";[] 
 []


Overfull \hbox (152.24867pt too wide) in paragraph at lines 283--283
[]      \OT1/cmtt/m/n/10 U     "cde_VAL_AIG158";[] 
 []


Overfull \hbox (152.24867pt too wide) in paragraph at lines 283--283
[]      \OT1/cmtt/m/n/10 U     "T_SORTIES_A158";[] 
 []


Overfull \hbox (194.2483pt too wide) in paragraph at lines 283--283
[]      \OT1/cmtt/m/n/10 UN    "T_FIN_CMD_SORTIES_A158";[] 
 []


Overfull \hbox (125.9989pt too wide) in paragraph at lines 283--283
[]      \OT1/cmtt/m/n/10 =     "Cag_158_G";[] 
 []


Overfull \hbox (62.99945pt too wide) in paragraph at lines 283--283
[]\OT1/cmtt/m/n/10 END_FUNCTION[] 
 []


Overfull \hbox (15.74986pt too wide) in paragraph at lines 283--283
[]   [] 
 []


! LaTeX Error: \begin{document} ended by \end{small}.

See the LaTeX manual or LaTeX Companion for explanation.
Type  H <return>  for immediate help.
 ...                                              
                                                  
l.284     \end{small}
                     
Your command was ignored.
Type  I <command> <return>  to replace it with another command,
or  <return>  to continue without it.


! LaTeX Error: \begin{document} ended by \end{appendix}.

See the LaTeX manual or LaTeX Companion for explanation.
Type  H <return>  for immediate help.
 ...                                              
                                                  
l.285 \end{appendix}
                    
Your command was ignored.
Type  I <command> <return>  to replace it with another command,
or  <return>  to continue without it.

)
! Emergency stop.
<*> ./annexe.tex
                
*** (job aborted, no legal \end found)

 
Here is how much of TeX's memory you used:
 14 strings out of 493323
 149 string characters out of 3139067
 102627 words of memory out of 3000000
 3651 multiletter control sequences out of 15000+200000
 3808 words of font info for 15 fonts, out of 3000000 for 9000
 1141 hyphenation exceptions out of 8191
 19i,4n,14p,132b,173s stack positions out of 5000i,500n,10000p,200000b,50000s
!  ==> Fatal error occurred, no output PDF file produced!
